TN:
SF:src\polyfills.ts
FNF:0
FNH:0
LF:0
LH:0
BRF:0
BRH:0
end_of_record
TN:
SF:src\test.ts
FNF:0
FNH:0
DA:18,1
DA:23,1
DA:25,1
LF:3
LH:3
BRF:0
BRH:0
end_of_record
TN:
SF:src\app\app.component.ts
FNF:0
FNH:0
DA:8,1
LF:1
LH:1
BRF:0
BRH:0
end_of_record
TN:
SF:src\app\components\mars\mars.component.ts
FN:36,(anonymous_0)
FN:38,(anonymous_1)
FN:47,(anonymous_2)
FN:56,(anonymous_3)
FN:64,(anonymous_4)
FN:75,(anonymous_5)
FN:95,(anonymous_6)
FN:113,(anonymous_7)
FN:133,(anonymous_8)
FN:135,(anonymous_9)
FN:155,(anonymous_10)
FN:176,(anonymous_11)
FN:188,(anonymous_12)
FN:206,(anonymous_13)
FN:232,(anonymous_14)
FN:251,(anonymous_15)
FN:260,(anonymous_16)
FNF:17
FNH:17
FNDA:6,(anonymous_0)
FNDA:2,(anonymous_1)
FNDA:4,(anonymous_2)
FNDA:4,(anonymous_3)
FNDA:8,(anonymous_4)
FNDA:3,(anonymous_5)
FNDA:3,(anonymous_6)
FNDA:3,(anonymous_7)
FNDA:3,(anonymous_8)
FNDA:6,(anonymous_9)
FNDA:6,(anonymous_10)
FNDA:6,(anonymous_11)
FNDA:3,(anonymous_12)
FNDA:2,(anonymous_13)
FNDA:1,(anonymous_14)
FNDA:31,(anonymous_15)
FNDA:3,(anonymous_16)
DA:10,1
DA:12,6
DA:13,6
DA:14,6
DA:15,6
DA:16,6
DA:19,6
DA:20,6
DA:26,6
DA:27,6
DA:28,6
DA:31,6
DA:34,6
DA:39,2
DA:40,2
DA:48,4
DA:49,4
DA:57,4
DA:58,4
DA:65,8
DA:66,8
DA:67,8
DA:77,3
DA:78,1
DA:79,1
DA:83,2
DA:84,0
DA:85,0
DA:88,2
DA:96,3
DA:97,3
DA:99,3
DA:100,3
DA:101,3
DA:103,3
DA:104,3
DA:106,0
DA:114,3
DA:116,3
DA:117,3
DA:118,3
DA:120,3
DA:122,3
DA:125,0
DA:134,3
DA:135,3
DA:136,6
DA:137,6
DA:138,6
DA:145,0
DA:156,6
DA:162,6
DA:165,6
DA:167,0
DA:177,6
DA:178,6
DA:180,0
DA:181,0
DA:189,3
DA:190,2
DA:191,2
DA:193,2
DA:194,2
DA:196,2
DA:207,2
DA:210,2
DA:211,2
DA:213,2
DA:214,4
DA:216,4
DA:218,4
DA:221,2
DA:222,2
DA:223,2
DA:225,0
DA:233,1
DA:234,1
DA:235,1
DA:236,1
DA:237,1
DA:238,1
DA:239,1
DA:240,1
DA:241,1
DA:242,1
DA:243,1
DA:244,1
DA:252,31
DA:261,3
LF:89
LH:80
BRDA:77,0,0,1
BRDA:77,0,1,2
BRDA:77,1,0,3
BRDA:77,1,1,2
BRDA:83,2,0,0
BRDA:83,2,1,2
BRDA:83,3,0,2
BRDA:83,3,1,2
BRDA:83,3,2,2
BRDA:99,4,0,3
BRDA:99,4,1,0
BRDA:116,5,0,3
BRDA:116,5,1,0
BRDA:116,6,0,3
BRDA:116,6,1,3
BRDA:116,6,2,3
BRDA:116,6,3,3
BRDA:120,7,0,3
BRDA:120,7,1,0
BRDA:134,8,0,3
BRDA:134,8,1,0
BRDA:134,9,0,3
BRDA:134,9,1,3
BRDA:137,10,0,6
BRDA:137,10,1,0
BRDA:137,11,0,6
BRDA:137,11,1,6
BRDA:156,12,0,6
BRDA:156,12,1,0
BRDA:156,13,0,6
BRDA:156,13,1,6
BRDA:156,13,2,6
BRDA:156,13,3,6
BRDA:156,13,4,6
BRDA:156,13,5,6
BRDA:177,14,0,6
BRDA:177,14,1,0
BRDA:177,15,0,6
BRDA:177,15,1,6
BRDA:189,16,0,2
BRDA:189,16,1,1
BRDA:210,17,0,2
BRDA:210,17,1,0
BRDA:210,18,0,2
BRDA:210,18,1,2
BRF:45
BRH:36
end_of_record
TN:
SF:src\app\components\plateau\plateau.component.ts
FN:26,(anonymous_0)
FN:28,(anonymous_1)
FN:32,(anonymous_2)
FN:39,(anonymous_3)
FN:52,(anonymous_4)
FN:78,(anonymous_5)
FN:81,(anonymous_6)
FN:90,(anonymous_7)
FNF:8
FNH:1
FNDA:1,(anonymous_0)
FNDA:0,(anonymous_1)
FNDA:0,(anonymous_2)
FNDA:0,(anonymous_3)
FNDA:0,(anonymous_4)
FNDA:0,(anonymous_5)
FNDA:0,(anonymous_6)
FNDA:0,(anonymous_7)
DA:11,1
DA:18,1
DA:19,1
DA:20,1
DA:21,1
DA:22,1
DA:24,1
DA:29,0
DA:40,0
DA:42,0
DA:43,0
DA:44,0
DA:45,0
DA:53,0
DA:54,0
DA:55,0
DA:57,0
DA:58,0
DA:59,0
DA:60,0
DA:61,0
DA:62,0
DA:63,0
DA:64,0
DA:65,0
DA:66,0
DA:73,0
DA:79,0
DA:81,0
DA:82,0
DA:83,0
DA:87,0
DA:91,0
LF:33
LH:7
BRDA:42,0,0,0
BRDA:42,0,1,0
BRDA:57,1,0,0
BRDA:57,1,1,0
BRDA:63,2,0,0
BRDA:63,2,1,0
BRDA:82,3,0,0
BRDA:82,3,1,0
BRDA:82,4,0,0
BRDA:82,4,1,0
BRF:10
BRH:0
end_of_record
TN:
SF:src\app\shared\models\log.ts
FNF:0
FNH:0
LF:0
LH:0
BRF:0
BRH:0
end_of_record
TN:
SF:src\app\shared\models\plateau.ts
FN:9,(anonymous_0)
FN:14,(anonymous_1)
FN:38,(anonymous_2)
FNF:3
FNH:3
FNDA:4,(anonymous_0)
FNDA:1,(anonymous_1)
FNDA:2,(anonymous_2)
DA:7,4
DA:10,4
DA:11,4
DA:15,1
DA:17,1
DA:19,1
DA:20,11
DA:21,11
DA:22,121
DA:30,1
DA:39,2
LF:11
LH:11
BRDA:17,0,0,1
BRDA:17,0,1,0
BRDA:17,1,0,1
BRDA:17,1,1,1
BRF:4
BRH:3
end_of_record
TN:
SF:src\app\shared\models\rover.ts
FN:10,(anonymous_0)
FN:24,(anonymous_1)
FN:48,(anonymous_2)
FN:73,(anonymous_3)
FN:106,(anonymous_4)
FN:114,(anonymous_5)
FNF:6
FNH:6
FNDA:19,(anonymous_0)
FNDA:24,(anonymous_1)
FNDA:10,(anonymous_2)
FNDA:32,(anonymous_3)
FNDA:22,(anonymous_4)
FNDA:1,(anonymous_5)
DA:11,19
DA:12,19
DA:13,19
DA:14,19
DA:25,24
DA:27,6
DA:28,6
DA:30,5
DA:31,5
DA:33,6
DA:34,6
DA:36,5
DA:37,5
DA:39,2
DA:49,10
DA:50,10
DA:52,10
DA:53,121
DA:55,32
DA:56,32
DA:58,6
DA:59,6
DA:61,9
DA:62,9
DA:74,32
DA:76,16
DA:77,4
DA:79,16
DA:81,8
DA:82,1
DA:84,8
DA:86,3
DA:87,1
DA:89,3
DA:91,3
DA:92,2
DA:94,3
DA:107,22
DA:115,1
LF:39
LH:39
BRDA:26,0,0,6
BRDA:26,0,1,5
BRDA:26,0,2,6
BRDA:26,0,3,5
BRDA:26,0,4,2
BRDA:49,1,0,10
BRDA:49,1,1,0
BRDA:49,2,0,10
BRDA:49,2,1,10
BRDA:54,3,0,32
BRDA:54,3,1,6
BRDA:54,3,2,9
BRDA:75,4,0,16
BRDA:75,4,1,8
BRDA:75,4,2,3
BRDA:75,4,3,3
BRDA:76,5,0,4
BRDA:76,5,1,12
BRDA:76,6,0,16
BRDA:76,6,1,16
BRDA:81,7,0,1
BRDA:81,7,1,7
BRDA:81,8,0,8
BRDA:81,8,1,2
BRDA:86,9,0,1
BRDA:86,9,1,2
BRDA:86,10,0,3
BRDA:86,10,1,3
BRDA:91,11,0,2
BRDA:91,11,1,1
BRDA:91,12,0,3
BRDA:91,12,1,3
BRF:32
BRH:31
end_of_record
TN:
SF:src\app\shared\services\utility.service.ts
FN:8,(anonymous_0)
FN:15,(anonymous_1)
FNF:2
FNH:2
FNDA:2,(anonymous_0)
FNDA:31,(anonymous_1)
DA:6,1
DA:16,31
DA:17,57
DA:18,22
LF:4
LH:4
BRDA:17,0,0,9
BRDA:17,0,1,48
BRF:2
BRH:2
end_of_record
TN:
SF:src\assets\data\input.ts
FNF:0
FNH:0
DA:1,1
LF:1
LH:1
BRF:0
BRH:0
end_of_record
